<8>1 2025-08-13T09:30:00Z localhost user - - - [EMERGENCY][user] System is unusable due to user-level failure
<81>1 2025-08-13T09:30:01Z localhost authpriv - - - [ALERT][authpriv] Immediate action required: privilege escalation
lkdjflskjdjflksjdfj
<17>1 2025-08-13T09:30:02Z localhost mail - - - [ALERT][mail] Mail queue overflow detected
<26>1 2025-08-13T09:30:03Z localhost daemon - - - [CRITICAL][daemon] Daemon failed to start: missing config
<34>1 2025-08-13T09:30:04Z localhost auth - - - [CRITICAL][auth] Authentication subsystem failure
<42>1 2025-08-13T09:30:05Z localhost syslog - - - [CRITICAL][syslog] Syslog daemon crashed unexpectedly
<51>1 2025-08-13T09:30:06Z localhost lpr - - - [ERROR][lpr] Print spooler encountered fatal error
<59>1 2025-08-13T09:30:07Z localhost news - - - [ERROR][news] News feed parsing failed
<68>1 2025-08-13T09:30:08Z localhost uucp - - - [WARNING][uucp] UUCP transmission delay detected
<76>1 2025-08-13T09:30:09Z localhost clock - - - [WARNING][clock] Clock drift exceeds threshold
<84>1 2025-08-13T09:30:10Z localhost authpriv - - - [WARNING][authpriv] Suspicious login attempt flagged
<93>1 2025-08-13T09:30:11Z localhost ftp - - - [NOTICE][ftp] FTP connection established successfully
<101>1 2025-08-13T09:30:12Z localhost ntp - - - [NOTICE][ntp] NTP sync completed with minor offset
<110>1 2025-08-13T09:30:13Z localhost security - - - [INFORMATIONAL][audit] Security scan completed
<119>1 2025-08-13T09:30:14Z localhost console - - - [DEBUG][alert] Console input buffer flushed
<127>1 2025-08-13T09:30:15Z localhost solaris - - - [DEBUG][reserved] Solaris service restarted successfully
<31>1 2025-08-13T09:30:16Z localhost daemon - - - [DEBUG][daemon] Debugging daemon initialization
<146>1 2025-08-13T09:30:17Z localhost local2 - - - [NOTICE][local2] Custom application heartbeat message
<156>1 2025-08-13T09:30:18Z localhost local3 - - - [WARNING][local3] Database backup incomplete
<74>1 2025-08-16T15:10:00Z localhost cron - - - [CRITICAL][cron] Cron job for user 'root' failed with exit code 1
<191>1 2025-08-16T15:10:01Z localhost local7 - - - [DEBUG][local7] Detailed debug message for application failure
<137>1 2025-08-16T15:10:02Z localhost local1 - - - [ALERT][local1] High-priority alert: database connection pool exhausted
<3>1 2025-08-16T15:10:03Z localhost kernel - - - [ERROR][kernel] Disk I/O error on device /dev/sda1
<3>1 2025-08-16T15:10:04Z localhost kernel - - - [ERROR][kernel] Memory management unit failed to allocate 4KB page
<3>1 2025-08-16T15:10:05Z localhost kernel - - - [ERROR][kernel] Driver for 'eth0' encountered a critical error
cxvxlckvcxlkv
sldjfslkdjfklsdjfldsjk
<16>1 2025-08-20T23:45:00+02:00 la-muela.example.com maild 1234 ID47 - System mail queue corrupted — immediate action required
<35>1 2025-08-20T23:45:01+02:00 la-muela.example.com sshd 5678 ID88 - Failed password attempt for user 'wsee' from 192.168.1.10
<61>1 2025-08-20T23:45:02+02:00 la-muela.example.com newsd 4321 ID99 - News 
<10>1 2025-08-21T00:32:00+02:00 la-muela.example.com userapp 9012 ID77 - Critical failure in user authentication module — immediate review required
